<?xml version="1.0" encoding="UTF-8"?>
<!-- Generated by org.testng.reporters.JUnitXMLReporter -->
<testsuite ignored="0" hostname="DESKTOP-K80B83G" failures="0" tests="4" name="Default test" time="0.13" errors="0" timestamp="2023-01-06T13:05:46 IST">
  <testcase classname="test_NG.regre_sanity" name="regre" time="0.02"/>
  <testcase classname="test_NG.regre_sanity" name="sanity" time="0.003"/>
  <testcase classname="test_NG.regre_sanity" name="sanity1" time="0.008"/>
  <testcase classname="test_NG.regre_sanity" name="sanity2" time="0.003"/>
</testsuite> <!-- Default test -->
