<?xml version="1.0" encoding="UTF-8"?>
<!-- Generated by org.testng.reporters.JUnitXMLReporter -->
<testsuite ignored="3" hostname="DESKTOP-K80B83G" failures="0" tests="1" name="Test" time="0.069" errors="0" timestamp="2023-01-06T17:37:04 IST">
  <testcase classname="test_NG.regre_sanity" name="regre" time="0.015"/>
  <testcase classname="test_NG.regre_sanity" name="sanity2" time="0.0">
    <ignored/>
  </testcase> <!-- sanity2 -->
  <testcase classname="test_NG.regre_sanity" name="sanity" time="0.0">
    <ignored/>
  </testcase> <!-- sanity -->
  <testcase classname="test_NG.regre_sanity" name="sanity1" time="0.0">
    <ignored/>
  </testcase> <!-- sanity1 -->
</testsuite> <!-- Test -->
