<?xml version="1.0" encoding="UTF-8"?>
<testng-results ignored="3" total="4" passed="1" failed="0" skipped="0">
  <reporter-output>
  </reporter-output>
  <suite started-at="2023-01-06T17:37:04 IST" name="Suite" finished-at="2023-01-06T17:37:04 IST" duration-ms="69">
    <groups>
      <group name="regression">
        <method signature="regre_sanity.regre()[pri:0, instance:test_NG.regre_sanity@72057ecf]" name="regre" class="test_NG.regre_sanity"/>
      </group> <!-- regression -->
    </groups>
    <test started-at="2023-01-06T17:37:04 IST" name="Test" finished-at="2023-01-06T17:37:04 IST" duration-ms="69">
      <class name="test_NG.regre_sanity">
        <test-method signature="regre()[pri:0, instance:test_NG.regre_sanity@72057ecf]" started-at="2023-01-06T17:37:04 IST" name="regre" finished-at="2023-01-06T17:37:04 IST" duration-ms="15" status="PASS">
          <reporter-output>
          </reporter-output>
        </test-method> <!-- regre -->
      </class> <!-- test_NG.regre_sanity -->
    </test> <!-- Test -->
  </suite> <!-- Suite -->
</testng-results>
